<?xml version="1.0" encoding="UTF-8"?>
<!-- Generated by org.testng.reporters.JUnitReportReporter -->
<testsuite hostname="KURUCHETI" failures="0" tests="1" name="SeleniumGrid.SeleniumGrid_Practice01" time="0.013" errors="0" timestamp="2022-06-25T21:39:11 IST" skipped="0">
  <testcase classname="SeleniumGrid.SeleniumGrid_Practice01" name="test01" time="0.013"/>
  <system-out/>
</testsuite> <!-- SeleniumGrid.SeleniumGrid_Practice01 -->
