<?xml version="1.0" encoding="UTF-8"?>
<!-- Generated by org.testng.reporters.JUnitReportReporter -->
<testsuite hostname="KURUCHETI" failures="0" tests="2" name="SeleniumGrid.SeleniumGridPractice01" time="6.236" errors="0" timestamp="2022-06-26T07:21:04 IST" skipped="0">
  <testcase classname="SeleniumGrid.SeleniumGridPractice01" name="test02" time="3.327"/>
  <system-out/>
  <testcase classname="SeleniumGrid.SeleniumGridPractice01" name="test01" time="2.909"/>
  <system-out/>
</testsuite> <!-- SeleniumGrid.SeleniumGridPractice01 -->
