<?xml version="1.0" encoding="UTF-8"?>
<!-- Generated by org.testng.reporters.JUnitReportReporter -->
<testsuite hostname="KURUCHETI" failures="0" tests="1" name="SeleniumGrid.Capabilities" time="3.321" errors="0" timestamp="2022-06-25T22:39:04 IST" skipped="0">
  <testcase classname="SeleniumGrid.Capabilities" name="test01" time="3.321"/>
  <system-out/>
</testsuite> <!-- SeleniumGrid.Capabilities -->
