<?xml version="1.0" encoding="UTF-8"?>
<!-- Generated by org.testng.reporters.JUnitReportReporter -->
<testsuite hostname="KURUCHETI" failures="0" tests="2" name="SeleniumGrid.SeleniumGridPractice2" time="5.744" errors="0" timestamp="2022-06-26T07:37:23 IST" skipped="0">
  <testcase classname="SeleniumGrid.SeleniumGridPractice2" name="test03" time="2.597"/>
  <system-out/>
  <testcase classname="SeleniumGrid.SeleniumGridPractice2" name="test02" time="3.147"/>
  <system-out/>
</testsuite> <!-- SeleniumGrid.SeleniumGridPractice2 -->
