<?xml version="1.0" encoding="UTF-8"?>
<!-- Generated by org.testng.reporters.JUnitReportReporter -->
<testsuite hostname="KURUCHETI" failures="0" tests="2" name="SeleniumGrid.SeleniumGridPractice01" time="5.798" errors="0" timestamp="2022-06-26T07:37:23 IST" skipped="0">
  <testcase classname="SeleniumGrid.SeleniumGridPractice01" name="test02" time="2.958"/>
  <system-out/>
  <testcase classname="SeleniumGrid.SeleniumGridPractice01" name="test01" time="2.840"/>
  <system-out/>
</testsuite> <!-- SeleniumGrid.SeleniumGridPractice01 -->
